<?xml version="1.0" encoding="UTF-8"?>
<coverage generated="1764014468575" clover="3.2.0">
  <project timestamp="1764014468575" name="All files">
    <metrics statements="56" coveredstatements="53" conditionals="44" coveredconditionals="25" methods="13" coveredmethods="11" elements="113" coveredelements="89" complexity="0" loc="56" ncloc="56" packages="1" files="1" classes="1"/>
    <file name="index.tsx" path="C:\Users\artun\OneDrive\Escritorio\citasMedicasTeruel\Mi_Citas_App\src\screens\Home\index.tsx">
      <metrics statements="56" coveredstatements="53" conditionals="44" coveredconditionals="25" methods="13" coveredmethods="11"/>
      <line num="23" count="1" type="stmt"/>
      <line num="24" count="1" type="stmt"/>
      <line num="25" count="1" type="stmt"/>
      <line num="26" count="1" type="stmt"/>
      <line num="27" count="1" type="stmt"/>
      <line num="31" count="1" type="stmt"/>
      <line num="42" count="1" type="stmt"/>
      <line num="53" count="1" type="stmt"/>
      <line num="54" count="98" type="stmt"/>
      <line num="71" count="14" type="stmt"/>
      <line num="72" count="14" type="stmt"/>
      <line num="73" count="14" type="stmt"/>
      <line num="75" count="14" type="stmt"/>
      <line num="76" count="6" type="stmt"/>
      <line num="79" count="14" type="stmt"/>
      <line num="80" count="6" type="stmt"/>
      <line num="81" count="6" type="stmt"/>
      <line num="82" count="5" type="cond" truecount="3" falsecount="1"/>
      <line num="83" count="0" type="stmt"/>
      <line num="85" count="1" type="stmt"/>
      <line num="89" count="14" type="cond" truecount="2" falsecount="0"/>
      <line num="91" count="14" type="stmt"/>
      <line num="92" count="82" type="cond" truecount="1" falsecount="1"/>
      <line num="94" count="82" type="cond" truecount="1" falsecount="6"/>
      <line num="101" count="82" type="cond" truecount="1" falsecount="1"/>
      <line num="102" count="82" type="cond" truecount="1" falsecount="1"/>
      <line num="103" count="82" type="stmt"/>
      <line num="104" count="82" type="cond" truecount="1" falsecount="1"/>
      <line num="105" count="82" type="cond" truecount="1" falsecount="1"/>
      <line num="106" count="82" type="stmt"/>
      <line num="107" count="82" type="cond" truecount="2" falsecount="0"/>
      <line num="108" count="2" type="stmt"/>
      <line num="109" count="2" type="cond" truecount="1" falsecount="1"/>
      <line num="110" count="2" type="stmt"/>
      <line num="111" count="16" type="stmt"/>
      <line num="112" count="16" type="cond" truecount="3" falsecount="1"/>
      <line num="114" count="2" type="cond" truecount="1" falsecount="1"/>
      <line num="115" count="2" type="stmt"/>
      <line num="119" count="14" type="stmt"/>
      <line num="120" count="14" type="stmt"/>
      <line num="121" count="14" type="stmt"/>
      <line num="124" count="14" type="cond" truecount="1" falsecount="1"/>
      <line num="128" count="14" type="stmt"/>
      <line num="156" count="102" type="stmt"/>
      <line num="162" count="84" type="cond" truecount="2" falsecount="0"/>
      <line num="163" count="14" type="stmt"/>
      <line num="167" count="2" type="stmt"/>
      <line num="176" count="70" type="stmt"/>
      <line num="177" count="70" type="stmt"/>
      <line num="183" count="10" type="stmt"/>
      <line num="216" count="18" type="stmt"/>
      <line num="220" count="12" type="stmt"/>
      <line num="221" count="12" type="stmt"/>
      <line num="226" count="0" type="stmt"/>
      <line num="244" count="0" type="stmt"/>
      <line num="270" count="1" type="stmt"/>
    </file>
  </project>
</coverage>
