{"C:\\Users\\artun\\OneDrive\\Escritorio\\citasMedicasTeruel\\Mi_Citas_App\\src\\screens\\Home\\index.tsx": {"path":"C:\\Users\\artun\\OneDrive\\Escritorio\\citasMedicasTeruel\\Mi_Citas_App\\src\\screens\\Home\\index.tsx","statementMap":{"0":{"start":{"line":23,"column":18},"end":{"line":23,"column":42}},"1":{"start":{"line":24,"column":17},"end":{"line":24,"column":18}},"2":{"start":{"line":25,"column":18},"end":{"line":25,"column":20}},"3":{"start":{"line":26,"column":12},"end":{"line":26,"column":14}},"4":{"start":{"line":27,"column":18},"end":{"line":29,"column":1}},"5":{"start":{"line":31,"column":35},"end":{"line":40,"column":1}},"6":{"start":{"line":42,"column":13},"end":{"line":51,"column":1}},"7":{"start":{"line":53,"column":18},"end":{"line":59,"column":11}},"8":{"start":{"line":54,"column":2},"end":{"line":59,"column":11}},"9":{"start":{"line":71,"column":22},"end":{"line":71,"column":53}},"10":{"start":{"line":72,"column":36},"end":{"line":72,"column":55}},"11":{"start":{"line":73,"column":32},"end":{"line":73,"column":47}},"12":{"start":{"line":75,"column":2},"end":{"line":77,"column":9}},"13":{"start":{"line":76,"column":4},"end":{"line":76,"column":22}},"14":{"start":{"line":79,"column":26},"end":{"line":87,"column":3}},"15":{"start":{"line":80,"column":4},"end":{"line":86,"column":5}},"16":{"start":{"line":81,"column":23},"end":{"line":81,"column":60}},"17":{"start":{"line":82,"column":6},"end":{"line":83,"column":30}},"18":{"start":{"line":82,"column":58},"end":{"line":82,"column":81}},"19":{"start":{"line":83,"column":11},"end":{"line":83,"column":30}},"20":{"start":{"line":85,"column":6},"end":{"line":85,"column":25}},"21":{"start":{"line":89,"column":23},"end":{"line":89,"column":58}},"22":{"start":{"line":91,"column":25},"end":{"line":116,"column":3}},"23":{"start":{"line":92,"column":4},"end":{"line":92,"column":27}},"24":{"start":{"line":92,"column":15},"end":{"line":92,"column":27}},"25":{"start":{"line":94,"column":6},"end":{"line":100,"column":16}},"26":{"start":{"line":101,"column":4},"end":{"line":101,"column":35}},"27":{"start":{"line":101,"column":23},"end":{"line":101,"column":35}},"28":{"start":{"line":102,"column":4},"end":{"line":102,"column":62}},"29":{"start":{"line":102,"column":42},"end":{"line":102,"column":62}},"30":{"start":{"line":103,"column":14},"end":{"line":103,"column":33}},"31":{"start":{"line":104,"column":4},"end":{"line":104,"column":24}},"32":{"start":{"line":104,"column":12},"end":{"line":104,"column":24}},"33":{"start":{"line":105,"column":4},"end":{"line":105,"column":48}},"34":{"start":{"line":105,"column":30},"end":{"line":105,"column":48}},"35":{"start":{"line":106,"column":23},"end":{"line":106,"column":35}},"36":{"start":{"line":107,"column":4},"end":{"line":107,"column":52}},"37":{"start":{"line":107,"column":27},"end":{"line":107,"column":52}},"38":{"start":{"line":108,"column":22},"end":{"line":108,"column":46}},"39":{"start":{"line":109,"column":4},"end":{"line":109,"column":50}},"40":{"start":{"line":109,"column":26},"end":{"line":109,"column":50}},"41":{"start":{"line":110,"column":4},"end":{"line":113,"column":5}},"42":{"start":{"line":111,"column":17},"end":{"line":111,"column":29}},"43":{"start":{"line":112,"column":6},"end":{"line":112,"column":78}},"44":{"start":{"line":112,"column":62},"end":{"line":112,"column":78}},"45":{"start":{"line":114,"column":4},"end":{"line":114,"column":34}},"46":{"start":{"line":114,"column":18},"end":{"line":114,"column":34}},"47":{"start":{"line":115,"column":4},"end":{"line":115,"column":16}},"48":{"start":{"line":119,"column":22},"end":{"line":119,"column":23}},"49":{"start":{"line":120,"column":27},"end":{"line":120,"column":61}},"50":{"start":{"line":121,"column":25},"end":{"line":121,"column":58}},"51":{"start":{"line":124,"column":19},"end":{"line":126,"column":22}},"52":{"start":{"line":128,"column":2},"end":{"line":267,"column":4}},"53":{"start":{"line":156,"column":36},"end":{"line":156,"column":54}},"54":{"start":{"line":162,"column":14},"end":{"line":174,"column":15}},"55":{"start":{"line":163,"column":16},"end":{"line":173,"column":18}},"56":{"start":{"line":167,"column":37},"end":{"line":167,"column":53}},"57":{"start":{"line":176,"column":26},"end":{"line":176,"column":46}},"58":{"start":{"line":177,"column":14},"end":{"line":199,"column":16}},"59":{"start":{"line":183,"column":22},"end":{"line":183,"column":97}},"60":{"start":{"line":216,"column":42},"end":{"line":216,"column":60}},"61":{"start":{"line":220,"column":32},"end":{"line":220,"column":52}},"62":{"start":{"line":221,"column":20},"end":{"line":238,"column":22}},"63":{"start":{"line":226,"column":41},"end":{"line":226,"column":75}},"64":{"start":{"line":244,"column":33},"end":{"line":244,"column":50}},"65":{"start":{"line":270,"column":15},"end":{"line":361,"column":2}}},"fnMap":{"0":{"name":"(anonymous_0)","decl":{"start":{"line":53,"column":18},"end":{"line":53,"column":19}},"loc":{"start":{"line":54,"column":2},"end":{"line":59,"column":11}},"line":54},"1":{"name":"HomeScreen","decl":{"start":{"line":70,"column":24},"end":{"line":70,"column":34}},"loc":{"start":{"line":70,"column":37},"end":{"line":268,"column":1}},"line":70},"2":{"name":"(anonymous_2)","decl":{"start":{"line":75,"column":12},"end":{"line":75,"column":13}},"loc":{"start":{"line":75,"column":18},"end":{"line":77,"column":3}},"line":75},"3":{"name":"(anonymous_3)","decl":{"start":{"line":79,"column":26},"end":{"line":79,"column":27}},"loc":{"start":{"line":79,"column":38},"end":{"line":87,"column":3}},"line":79},"4":{"name":"(anonymous_4)","decl":{"start":{"line":91,"column":25},"end":{"line":91,"column":26}},"loc":{"start":{"line":91,"column":40},"end":{"line":116,"column":3}},"line":91},"5":{"name":"(anonymous_5)","decl":{"start":{"line":156,"column":26},"end":{"line":156,"column":27}},"loc":{"start":{"line":156,"column":36},"end":{"line":156,"column":54}},"line":156},"6":{"name":"(anonymous_6)","decl":{"start":{"line":161,"column":24},"end":{"line":161,"column":25}},"loc":{"start":{"line":161,"column":38},"end":{"line":200,"column":13}},"line":161},"7":{"name":"(anonymous_7)","decl":{"start":{"line":167,"column":31},"end":{"line":167,"column":32}},"loc":{"start":{"line":167,"column":37},"end":{"line":167,"column":53}},"line":167},"8":{"name":"(anonymous_8)","decl":{"start":{"line":182,"column":30},"end":{"line":182,"column":31}},"loc":{"start":{"line":183,"column":22},"end":{"line":183,"column":97}},"line":183},"9":{"name":"(anonymous_9)","decl":{"start":{"line":216,"column":32},"end":{"line":216,"column":33}},"loc":{"start":{"line":216,"column":42},"end":{"line":216,"column":60}},"line":216},"10":{"name":"(anonymous_10)","decl":{"start":{"line":219,"column":30},"end":{"line":219,"column":31}},"loc":{"start":{"line":219,"column":44},"end":{"line":239,"column":19}},"line":219},"11":{"name":"(anonymous_11)","decl":{"start":{"line":226,"column":35},"end":{"line":226,"column":36}},"loc":{"start":{"line":226,"column":41},"end":{"line":226,"column":75}},"line":226},"12":{"name":"(anonymous_12)","decl":{"start":{"line":244,"column":27},"end":{"line":244,"column":28}},"loc":{"start":{"line":244,"column":33},"end":{"line":244,"column":50}},"line":244}},"branchMap":{"0":{"loc":{"start":{"line":82,"column":6},"end":{"line":83,"column":30}},"type":"if","locations":[{"start":{"line":82,"column":6},"end":{"line":83,"column":30}},{"start":{"line":83,"column":11},"end":{"line":83,"column":30}}],"line":82},"1":{"loc":{"start":{"line":82,"column":10},"end":{"line":82,"column":56}},"type":"binary-expr","locations":[{"start":{"line":82,"column":10},"end":{"line":82,"column":33}},{"start":{"line":82,"column":37},"end":{"line":82,"column":56}}],"line":82},"2":{"loc":{"start":{"line":89,"column":23},"end":{"line":89,"column":58}},"type":"cond-expr","locations":[{"start":{"line":89,"column":42},"end":{"line":89,"column":51}},{"start":{"line":89,"column":54},"end":{"line":89,"column":58}}],"line":89},"3":{"loc":{"start":{"line":92,"column":4},"end":{"line":92,"column":27}},"type":"if","locations":[{"start":{"line":92,"column":4},"end":{"line":92,"column":27}},{"start":{},"end":{}}],"line":92},"4":{"loc":{"start":{"line":94,"column":7},"end":{"line":100,"column":10}},"type":"binary-expr","locations":[{"start":{"line":94,"column":7},"end":{"line":94,"column":16}},{"start":{"line":95,"column":8},"end":{"line":95,"column":21}},{"start":{"line":96,"column":8},"end":{"line":96,"column":18}},{"start":{"line":97,"column":8},"end":{"line":97,"column":17}},{"start":{"line":98,"column":8},"end":{"line":98,"column":18}},{"start":{"line":99,"column":8},"end":{"line":99,"column":17}},{"start":{"line":100,"column":8},"end":{"line":100,"column":10}}],"line":94},"5":{"loc":{"start":{"line":101,"column":4},"end":{"line":101,"column":35}},"type":"if","locations":[{"start":{"line":101,"column":4},"end":{"line":101,"column":35}},{"start":{},"end":{}}],"line":101},"6":{"loc":{"start":{"line":102,"column":4},"end":{"line":102,"column":62}},"type":"if","locations":[{"start":{"line":102,"column":4},"end":{"line":102,"column":62}},{"start":{},"end":{}}],"line":102},"7":{"loc":{"start":{"line":104,"column":4},"end":{"line":104,"column":24}},"type":"if","locations":[{"start":{"line":104,"column":4},"end":{"line":104,"column":24}},{"start":{},"end":{}}],"line":104},"8":{"loc":{"start":{"line":105,"column":4},"end":{"line":105,"column":48}},"type":"if","locations":[{"start":{"line":105,"column":4},"end":{"line":105,"column":48}},{"start":{},"end":{}}],"line":105},"9":{"loc":{"start":{"line":107,"column":4},"end":{"line":107,"column":52}},"type":"if","locations":[{"start":{"line":107,"column":4},"end":{"line":107,"column":52}},{"start":{},"end":{}}],"line":107},"10":{"loc":{"start":{"line":109,"column":4},"end":{"line":109,"column":50}},"type":"if","locations":[{"start":{"line":109,"column":4},"end":{"line":109,"column":50}},{"start":{},"end":{}}],"line":109},"11":{"loc":{"start":{"line":112,"column":6},"end":{"line":112,"column":78}},"type":"if","locations":[{"start":{"line":112,"column":6},"end":{"line":112,"column":78}},{"start":{},"end":{}}],"line":112},"12":{"loc":{"start":{"line":112,"column":10},"end":{"line":112,"column":60}},"type":"binary-expr","locations":[{"start":{"line":112,"column":10},"end":{"line":112,"column":33}},{"start":{"line":112,"column":37},"end":{"line":112,"column":60}}],"line":112},"13":{"loc":{"start":{"line":114,"column":4},"end":{"line":114,"column":34}},"type":"if","locations":[{"start":{"line":114,"column":4},"end":{"line":114,"column":34}},{"start":{},"end":{}}],"line":114},"14":{"loc":{"start":{"line":124,"column":19},"end":{"line":126,"column":22}},"type":"cond-expr","locations":[{"start":{"line":125,"column":6},"end":{"line":125,"column":79}},{"start":{"line":126,"column":6},"end":{"line":126,"column":22}}],"line":124},"15":{"loc":{"start":{"line":162,"column":14},"end":{"line":174,"column":15}},"type":"if","locations":[{"start":{"line":162,"column":14},"end":{"line":174,"column":15}},{"start":{},"end":{}}],"line":162},"16":{"loc":{"start":{"line":188,"column":24},"end":{"line":188,"column":72}},"type":"binary-expr","locations":[{"start":{"line":188,"column":24},"end":{"line":188,"column":27}},{"start":{"line":188,"column":31},"end":{"line":188,"column":72}}],"line":188},"17":{"loc":{"start":{"line":196,"column":21},"end":{"line":196,"column":60}},"type":"binary-expr","locations":[{"start":{"line":196,"column":21},"end":{"line":196,"column":30}},{"start":{"line":196,"column":34},"end":{"line":196,"column":44}},{"start":{"line":196,"column":48},"end":{"line":196,"column":60}}],"line":196},"18":{"loc":{"start":{"line":230,"column":30},"end":{"line":230,"column":78}},"type":"binary-expr","locations":[{"start":{"line":230,"column":30},"end":{"line":230,"column":33}},{"start":{"line":230,"column":37},"end":{"line":230,"column":78}}],"line":230}},"s":{"0":1,"1":1,"2":1,"3":1,"4":1,"5":1,"6":1,"7":1,"8":98,"9":14,"10":14,"11":14,"12":14,"13":6,"14":14,"15":6,"16":6,"17":5,"18":5,"19":0,"20":1,"21":14,"22":14,"23":82,"24":0,"25":82,"26":82,"27":0,"28":82,"29":0,"30":82,"31":82,"32":0,"33":82,"34":0,"35":82,"36":82,"37":80,"38":2,"39":2,"40":0,"41":2,"42":16,"43":16,"44":0,"45":2,"46":0,"47":2,"48":14,"49":14,"50":14,"51":14,"52":14,"53":102,"54":84,"55":14,"56":2,"57":70,"58":70,"59":10,"60":18,"61":12,"62":12,"63":0,"64":0,"65":1},"f":{"0":98,"1":14,"2":6,"3":6,"4":82,"5":102,"6":84,"7":2,"8":10,"9":18,"10":12,"11":0,"12":0},"b":{"0":[5,0],"1":[5,5],"2":[8,6],"3":[0,82],"4":[82,0,0,0,0,0,0],"5":[0,82],"6":[0,82],"7":[0,82],"8":[0,82],"9":[80,2],"10":[0,2],"11":[0,16],"12":[16,16],"13":[0,2],"14":[14,0],"15":[14,70],"16":[70,0],"17":[70,0,0],"18":[12,2]},"_coverageSchema":"1a1c01bbd47fc00a2c39e90264f33305004495a9","hash":"aed6cc05b6a3ebbb66ba576d7e7a52a1b270c5c6"}
}
