TN:
SF:src\screens\Home\index.tsx
FN:53,(anonymous_0)
FN:70,HomeScreen
FN:75,(anonymous_2)
FN:79,(anonymous_3)
FN:91,(anonymous_4)
FN:156,(anonymous_5)
FN:161,(anonymous_6)
FN:167,(anonymous_7)
FN:182,(anonymous_8)
FN:216,(anonymous_9)
FN:219,(anonymous_10)
FN:226,(anonymous_11)
FN:244,(anonymous_12)
FNF:13
FNH:11
FNDA:98,(anonymous_0)
FNDA:14,HomeScreen
FNDA:6,(anonymous_2)
FNDA:6,(anonymous_3)
FNDA:82,(anonymous_4)
FNDA:102,(anonymous_5)
FNDA:84,(anonymous_6)
FNDA:2,(anonymous_7)
FNDA:10,(anonymous_8)
FNDA:18,(anonymous_9)
FNDA:12,(anonymous_10)
FNDA:0,(anonymous_11)
FNDA:0,(anonymous_12)
DA:23,1
DA:24,1
DA:25,1
DA:26,1
DA:27,1
DA:31,1
DA:42,1
DA:53,1
DA:54,98
DA:71,14
DA:72,14
DA:73,14
DA:75,14
DA:76,6
DA:79,14
DA:80,6
DA:81,6
DA:82,5
DA:83,0
DA:85,1
DA:89,14
DA:91,14
DA:92,82
DA:94,82
DA:101,82
DA:102,82
DA:103,82
DA:104,82
DA:105,82
DA:106,82
DA:107,82
DA:108,2
DA:109,2
DA:110,2
DA:111,16
DA:112,16
DA:114,2
DA:115,2
DA:119,14
DA:120,14
DA:121,14
DA:124,14
DA:128,14
DA:156,102
DA:162,84
DA:163,14
DA:167,2
DA:176,70
DA:177,70
DA:183,10
DA:216,18
DA:220,12
DA:221,12
DA:226,0
DA:244,0
DA:270,1
LF:56
LH:53
BRDA:82,0,0,5
BRDA:82,0,1,0
BRDA:82,1,0,5
BRDA:82,1,1,5
BRDA:89,2,0,8
BRDA:89,2,1,6
BRDA:92,3,0,0
BRDA:92,3,1,82
BRDA:94,4,0,82
BRDA:94,4,1,0
BRDA:94,4,2,0
BRDA:94,4,3,0
BRDA:94,4,4,0
BRDA:94,4,5,0
BRDA:94,4,6,0
BRDA:101,5,0,0
BRDA:101,5,1,82
BRDA:102,6,0,0
BRDA:102,6,1,82
BRDA:104,7,0,0
BRDA:104,7,1,82
BRDA:105,8,0,0
BRDA:105,8,1,82
BRDA:107,9,0,80
BRDA:107,9,1,2
BRDA:109,10,0,0
BRDA:109,10,1,2
BRDA:112,11,0,0
BRDA:112,11,1,16
BRDA:112,12,0,16
BRDA:112,12,1,16
BRDA:114,13,0,0
BRDA:114,13,1,2
BRDA:124,14,0,14
BRDA:124,14,1,0
BRDA:162,15,0,14
BRDA:162,15,1,70
BRDA:188,16,0,70
BRDA:188,16,1,0
BRDA:196,17,0,70
BRDA:196,17,1,0
BRDA:196,17,2,0
BRDA:230,18,0,12
BRDA:230,18,1,2
BRF:44
BRH:25
end_of_record
